<?xml version="1.0" encoding="UTF-8"?>
<!-- Generated by org.testng.reporters.JUnitReportReporter -->
<testsuite hostname="DESKTOP-M4Q3J59" failures="0" tests="1" name="DriverFactory.DriverScriptPOM" time="54.904" errors="0" timestamp="2022-09-21T08:32:17 BST" skipped="0">
  <testcase classname="DriverFactory.DriverScriptPOM" name="startTest" time="54.904"/>
  <system-out>
    <![CDATA[Emp creation success:::13264 13264
Emp creation success:::13265 13265
Emp creation success:::13266 13266
Emp creation success:::13267 13267
Emp creation success:::13268 13268
Emp creation success:::13269 13269
Emp creation success:::13270 13270
Emp creation success:::13271 13271
Emp creation success:::13272 13272
Emp creation success:::13273 13273
Emp creation success:::13274 13274]]>
  </system-out>
</testsuite> <!-- DriverFactory.DriverScriptPOM -->
