<?xml version="1.0" encoding="UTF-8"?>
<!-- Generated by org.testng.reporters.JUnitReportReporter -->
<testsuite hostname="DESKTOP-M4Q3J59" failures="0" tests="1" name="DriverFactory.TestScript" time="6.036" errors="0" timestamp="2022-09-21T07:52:51 BST" skipped="0">
  <testcase classname="DriverFactory.TestScript" name="EmpCreation" time="6.036"/>
  <system-out>
    <![CDATA[Emp creation success:::13252 13252]]>
  </system-out>
</testsuite> <!-- DriverFactory.TestScript -->
